2025-08-16T19:08:51.646+05:30  INFO 10408 --- [Employee_Management1] [RMI TCP Connection(60)-127.0.0.1] o.s.b.w.e.tomcat.GracefulShutdown        : Commencing graceful shutdown. Waiting for active requests to complete
2025-08-16T19:08:54.531+05:30  INFO 10408 --- [Employee_Management1] [tomcat-shutdown] o.s.b.w.e.tomcat.GracefulShutdown        : Graceful shutdown complete
2025-08-16T19:08:58.886+05:30  INFO 10408 --- [Employee_Management1] [RMI TCP Connection(60)-127.0.0.1] j.LocalContainerEntityManagerFactoryBean : Closing JPA EntityManagerFactory for persistence unit 'default'
2025-08-16T19:09:05.830+05:30  INFO 10408 --- [Employee_Management1] [RMI TCP Connection(60)-127.0.0.1] com.zaxxer.hikari.HikariDataSource       : HikariPool-1 - Shutdown initiated...
2025-08-16T19:09:06.776+05:30  INFO 10408 --- [Employee_Management1] [RMI TCP Connection(60)-127.0.0.1] com.zaxxer.hikari.HikariDataSource       : HikariPool-1 - Shutdown completed.
2025-08-16T19:11:28.833+05:30  INFO 9460 --- [Employee_Management1] [main] c.d.e.EmployeeManagement1Application     : Starting EmployeeManagement1Application using Java 17.0.13 with PID 9460 (E:\eclipse\eclipse_working_directory\Employee_Management-1\target\classes started by Dell in E:\eclipse\eclipse_working_directory\Employee_Management-1)
2025-08-16T19:11:28.863+05:30  INFO 9460 --- [Employee_Management1] [main] c.d.e.EmployeeManagement1Application     : No active profile set, falling back to 1 default profile: "default"
2025-08-16T19:11:29.206+05:30  INFO 17312 --- [Employee_Management1] [main] c.d.e.EmployeeManagement1Application     : Starting EmployeeManagement1Application using Java 17.0.13 with PID 17312 (E:\eclipse\eclipse_working_directory\Employee_Management-1\target\classes started by Dell in E:\eclipse\eclipse_working_directory\Employee_Management-1)
2025-08-16T19:11:29.224+05:30  INFO 17312 --- [Employee_Management1] [main] c.d.e.EmployeeManagement1Application     : No active profile set, falling back to 1 default profile: "default"
2025-08-16T19:11:31.939+05:30  INFO 9460 --- [Employee_Management1] [main] .s.d.r.c.RepositoryConfigurationDelegate : Bootstrapping Spring Data JPA repositories in DEFAULT mode.
2025-08-16T19:11:32.173+05:30  INFO 9460 --- [Employee_Management1] [main] .s.d.r.c.RepositoryConfigurationDelegate : Finished Spring Data repository scanning in 186 ms. Found 1 JPA repository interface.
2025-08-16T19:11:32.346+05:30  INFO 17312 --- [Employee_Management1] [main] .s.d.r.c.RepositoryConfigurationDelegate : Bootstrapping Spring Data JPA repositories in DEFAULT mode.
2025-08-16T19:11:32.626+05:30  INFO 17312 --- [Employee_Management1] [main] .s.d.r.c.RepositoryConfigurationDelegate : Finished Spring Data repository scanning in 230 ms. Found 1 JPA repository interface.
2025-08-16T19:11:34.300+05:30  INFO 9460 --- [Employee_Management1] [main] o.s.b.w.embedded.tomcat.TomcatWebServer  : Tomcat initialized with port 8080 (http)
2025-08-16T19:11:34.344+05:30  INFO 9460 --- [Employee_Management1] [main] o.apache.catalina.core.StandardService   : Starting service [Tomcat]
2025-08-16T19:11:34.345+05:30  INFO 9460 --- [Employee_Management1] [main] o.apache.catalina.core.StandardEngine    : Starting Servlet engine: [Apache Tomcat/10.1.43]
2025-08-16T19:11:34.607+05:30  INFO 9460 --- [Employee_Management1] [main] o.a.c.c.C.[Tomcat].[localhost].[/]       : Initializing Spring embedded WebApplicationContext
2025-08-16T19:11:34.615+05:30  INFO 9460 --- [Employee_Management1] [main] w.s.c.ServletWebServerApplicationContext : Root WebApplicationContext: initialization completed in 5468 ms
2025-08-16T19:11:35.142+05:30  INFO 17312 --- [Employee_Management1] [main] o.s.b.w.embedded.tomcat.TomcatWebServer  : Tomcat initialized with port 8080 (http)
2025-08-16T19:11:35.187+05:30  INFO 17312 --- [Employee_Management1] [main] o.apache.catalina.core.StandardService   : Starting service [Tomcat]
2025-08-16T19:11:35.188+05:30  INFO 17312 --- [Employee_Management1] [main] o.apache.catalina.core.StandardEngine    : Starting Servlet engine: [Apache Tomcat/10.1.43]
2025-08-16T19:11:35.375+05:30  INFO 17312 --- [Employee_Management1] [main] o.a.c.c.C.[Tomcat].[localhost].[/]       : Initializing Spring embedded WebApplicationContext
2025-08-16T19:11:35.382+05:30  INFO 17312 --- [Employee_Management1] [main] w.s.c.ServletWebServerApplicationContext : Root WebApplicationContext: initialization completed in 5875 ms
2025-08-16T19:11:35.500+05:30  INFO 9460 --- [Employee_Management1] [main] o.hibernate.jpa.internal.util.LogHelper  : HHH000204: Processing PersistenceUnitInfo [name: default]
2025-08-16T19:11:35.741+05:30  INFO 9460 --- [Employee_Management1] [main] org.hibernate.Version                    : HHH000412: Hibernate ORM core version 6.6.22.Final
2025-08-16T19:11:35.916+05:30  INFO 9460 --- [Employee_Management1] [main] o.h.c.internal.RegionFactoryInitiator    : HHH000026: Second-level cache disabled
2025-08-16T19:11:36.145+05:30  INFO 17312 --- [Employee_Management1] [main] o.hibernate.jpa.internal.util.LogHelper  : HHH000204: Processing PersistenceUnitInfo [name: default]
2025-08-16T19:11:36.366+05:30  INFO 17312 --- [Employee_Management1] [main] org.hibernate.Version                    : HHH000412: Hibernate ORM core version 6.6.22.Final
2025-08-16T19:11:36.622+05:30  INFO 17312 --- [Employee_Management1] [main] o.h.c.internal.RegionFactoryInitiator    : HHH000026: Second-level cache disabled
2025-08-16T19:11:37.367+05:30  INFO 9460 --- [Employee_Management1] [main] o.s.o.j.p.SpringPersistenceUnitInfo      : No LoadTimeWeaver setup: ignoring JPA class transformer
2025-08-16T19:11:37.516+05:30  INFO 9460 --- [Employee_Management1] [main] com.zaxxer.hikari.HikariDataSource       : HikariPool-1 - Starting...
2025-08-16T19:11:38.505+05:30  INFO 17312 --- [Employee_Management1] [main] o.s.o.j.p.SpringPersistenceUnitInfo      : No LoadTimeWeaver setup: ignoring JPA class transformer
2025-08-16T19:11:38.812+05:30  INFO 17312 --- [Employee_Management1] [main] com.zaxxer.hikari.HikariDataSource       : HikariPool-1 - Starting...
2025-08-16T19:11:39.324+05:30  INFO 9460 --- [Employee_Management1] [main] com.zaxxer.hikari.pool.HikariPool        : HikariPool-1 - Added connection com.mysql.cj.jdbc.ConnectionImpl@5bde6148
2025-08-16T19:11:39.330+05:30  INFO 9460 --- [Employee_Management1] [main] com.zaxxer.hikari.HikariDataSource       : HikariPool-1 - Start completed.
2025-08-16T19:11:40.439+05:30  WARN 9460 --- [Employee_Management1] [main] org.hibernate.orm.deprecation            : HHH90000025: MySQL8Dialect does not need to be specified explicitly using 'hibernate.dialect' (remove the property setting and it will be selected by default)
2025-08-16T19:11:40.442+05:30  WARN 9460 --- [Employee_Management1] [main] org.hibernate.orm.deprecation            : HHH90000026: MySQL8Dialect has been deprecated; use org.hibernate.dialect.MySQLDialect instead
2025-08-16T19:11:40.515+05:30  INFO 9460 --- [Employee_Management1] [main] org.hibernate.orm.connections.pooling    : HHH10001005: Database info:
	Database JDBC URL [Connecting through datasource 'HikariDataSource (HikariPool-1)']
	Database driver: undefined/unknown
	Database version: 8.0
	Autocommit mode: undefined/unknown
	Isolation level: undefined/unknown
	Minimum pool size: undefined/unknown
	Maximum pool size: undefined/unknown
2025-08-16T19:11:40.692+05:30  INFO 17312 --- [Employee_Management1] [main] com.zaxxer.hikari.pool.HikariPool        : HikariPool-1 - Added connection com.mysql.cj.jdbc.ConnectionImpl@6ebbc06
2025-08-16T19:11:40.697+05:30  INFO 17312 --- [Employee_Management1] [main] com.zaxxer.hikari.HikariDataSource       : HikariPool-1 - Start completed.
2025-08-16T19:11:41.974+05:30  WARN 17312 --- [Employee_Management1] [main] org.hibernate.orm.deprecation            : HHH90000025: MySQL8Dialect does not need to be specified explicitly using 'hibernate.dialect' (remove the property setting and it will be selected by default)
2025-08-16T19:11:41.992+05:30  WARN 17312 --- [Employee_Management1] [main] org.hibernate.orm.deprecation            : HHH90000026: MySQL8Dialect has been deprecated; use org.hibernate.dialect.MySQLDialect instead
2025-08-16T19:11:42.103+05:30  INFO 17312 --- [Employee_Management1] [main] org.hibernate.orm.connections.pooling    : HHH10001005: Database info:
	Database JDBC URL [Connecting through datasource 'HikariDataSource (HikariPool-1)']
	Database driver: undefined/unknown
	Database version: 8.0
	Autocommit mode: undefined/unknown
	Isolation level: undefined/unknown
	Minimum pool size: undefined/unknown
	Maximum pool size: undefined/unknown
2025-08-16T19:11:43.966+05:30  INFO 9460 --- [Employee_Management1] [main] o.h.e.t.j.p.i.JtaPlatformInitiator       : HHH000489: No JTA platform available (set 'hibernate.transaction.jta.platform' to enable JTA platform integration)
2025-08-16T19:11:44.799+05:30  INFO 9460 --- [Employee_Management1] [main] j.LocalContainerEntityManagerFactoryBean : Initialized JPA EntityManagerFactory for persistence unit 'default'
2025-08-16T19:11:45.646+05:30  INFO 17312 --- [Employee_Management1] [main] o.h.e.t.j.p.i.JtaPlatformInitiator       : HHH000489: No JTA platform available (set 'hibernate.transaction.jta.platform' to enable JTA platform integration)
2025-08-16T19:11:45.888+05:30  INFO 9460 --- [Employee_Management1] [main] o.s.d.j.r.query.QueryEnhancerFactory     : Hibernate is in classpath; If applicable, HQL parser will be used.
2025-08-16T19:11:46.372+05:30  INFO 17312 --- [Employee_Management1] [main] j.LocalContainerEntityManagerFactoryBean : Initialized JPA EntityManagerFactory for persistence unit 'default'
2025-08-16T19:11:47.569+05:30  INFO 17312 --- [Employee_Management1] [main] o.s.d.j.r.query.QueryEnhancerFactory     : Hibernate is in classpath; If applicable, HQL parser will be used.
2025-08-16T19:11:48.873+05:30  WARN 9460 --- [Employee_Management1] [main] JpaBaseConfiguration$JpaWebConfiguration : spring.jpa.open-in-view is enabled by default. Therefore, database queries may be performed during view rendering. Explicitly configure spring.jpa.open-in-view to disable this warning
2025-08-16T19:11:50.589+05:30  WARN 17312 --- [Employee_Management1] [main] JpaBaseConfiguration$JpaWebConfiguration : spring.jpa.open-in-view is enabled by default. Therefore, database queries may be performed during view rendering. Explicitly configure spring.jpa.open-in-view to disable this warning
2025-08-16T19:11:50.956+05:30  INFO 9460 --- [Employee_Management1] [main] r$InitializeUserDetailsManagerConfigurer : Global AuthenticationManager configured with UserDetailsService bean with name userDetailsService
2025-08-16T19:11:52.427+05:30  INFO 9460 --- [Employee_Management1] [main] o.s.b.w.embedded.tomcat.TomcatWebServer  : Tomcat started on port 8080 (http) with context path '/'
2025-08-16T19:11:52.467+05:30  INFO 9460 --- [Employee_Management1] [main] c.d.e.EmployeeManagement1Application     : Started EmployeeManagement1Application in 25.804 seconds (process running for 28.413)
2025-08-16T19:11:53.095+05:30  INFO 17312 --- [Employee_Management1] [main] r$InitializeUserDetailsManagerConfigurer : Global AuthenticationManager configured with UserDetailsService bean with name userDetailsService
2025-08-16T19:11:54.143+05:30  WARN 17312 --- [Employee_Management1] [main] ConfigServletWebServerApplicationContext : Exception encountered during context initialization - cancelling refresh attempt: org.springframework.context.ApplicationContextException: Failed to start bean 'webServerStartStop'
2025-08-16T19:11:54.158+05:30  INFO 17312 --- [Employee_Management1] [main] j.LocalContainerEntityManagerFactoryBean : Closing JPA EntityManagerFactory for persistence unit 'default'
2025-08-16T19:11:54.166+05:30  INFO 17312 --- [Employee_Management1] [main] com.zaxxer.hikari.HikariDataSource       : HikariPool-1 - Shutdown initiated...
2025-08-16T19:11:54.195+05:30  INFO 17312 --- [Employee_Management1] [main] com.zaxxer.hikari.HikariDataSource       : HikariPool-1 - Shutdown completed.
2025-08-16T19:11:54.243+05:30  INFO 17312 --- [Employee_Management1] [main] .s.b.a.l.ConditionEvaluationReportLogger : 

Error starting ApplicationContext. To display the condition evaluation report re-run your application with 'debug' enabled.
2025-08-16T19:11:54.301+05:30 ERROR 17312 --- [Employee_Management1] [main] o.s.b.d.LoggingFailureAnalysisReporter   : 

***************************
APPLICATION FAILED TO START
***************************

Description:

Web server failed to start. Port 8080 was already in use.

Action:

Identify and stop the process that's listening on port 8080 or configure this application to listen on another port.

2025-08-16T19:12:01.668+05:30  INFO 9460 --- [Employee_Management1] [RMI TCP Connection(2)-127.0.0.1] inMXBeanRegistrar$SpringApplicationAdmin : Application shutdown requested.
2025-08-16T19:12:01.674+05:30  INFO 9460 --- [Employee_Management1] [RMI TCP Connection(2)-127.0.0.1] o.s.b.w.e.tomcat.GracefulShutdown        : Commencing graceful shutdown. Waiting for active requests to complete
2025-08-16T19:12:02.102+05:30  INFO 9460 --- [Employee_Management1] [tomcat-shutdown] o.s.b.w.e.tomcat.GracefulShutdown        : Graceful shutdown complete
2025-08-16T19:12:02.114+05:30  INFO 9460 --- [Employee_Management1] [RMI TCP Connection(2)-127.0.0.1] j.LocalContainerEntityManagerFactoryBean : Closing JPA EntityManagerFactory for persistence unit 'default'
